[    7228ms] [VERBOSE] [DOM] Input elements should have autocomplete attributes (suggested: "current-password"): (More info: https://goo.gl/9p2vKq) %o @ https://www.facebook.com/login/?next=https%3A%2F%2Fwww.facebook.com%2FNakamaCh08%2Fposts%2F%25E0%25B8%2588%25E0%25B8%25B8%25E0%25B8%2594%25E0%25B9%2580%25E0%25B8%25A3%25E0%25B8%25B4%25E0%25B9%2588%25E0%25B8%25A1%25E0%25B8%2595%25E0%25B9%2589%25E0%25B8%2599%25E0%25B8%2582%25E0%25B8%25AD%25E0%25B8%2587%25E0%25B8%2597%25E0%25B8%25B8%25E0%25B8%2581%25E0%25B8%25AD%25E0%25B8%25A2%25E0%25B9%2588%25E0%25B8%25B2%25E0%25B8%2587-tft-set-1%2F1430093825153336%2F:0
[   11948ms] [ERROR] Access to fetch at 'https://prebid.smilewanted.com/' from origin 'https://lolchess.gg' has been blocked by CORS policy: The value of the 'Access-Control-Allow-Origin' header in the response must not be the wildcard '*' when the request's credentials mode is 'include'. @ https://lolchess.gg/synergies/set1?hl=en:0
[   11949ms] [ERROR] Failed to load resource: net::ERR_FAILED @ https://prebid.smilewanted.com/:0
[   11949ms] [ERROR] Access to fetch at 'https://prebid.smilewanted.com/' from origin 'https://lolchess.gg' has been blocked by CORS policy: The value of the 'Access-Control-Allow-Origin' header in the response must not be the wildcard '*' when the request's credentials mode is 'include'. @ https://lolchess.gg/synergies/set1?hl=en:0
[   11950ms] [ERROR] Failed to load resource: net::ERR_FAILED @ https://prebid.smilewanted.com/:0
[   11950ms] [ERROR] Access to fetch at 'https://prebid.smilewanted.com/' from origin 'https://lolchess.gg' has been blocked by CORS policy: The value of the 'Access-Control-Allow-Origin' header in the response must not be the wildcard '*' when the request's credentials mode is 'include'. @ https://lolchess.gg/synergies/set1?hl=en:0
[   11950ms] [ERROR] Failed to load resource: net::ERR_FAILED @ https://prebid.smilewanted.com/:0
[   12906ms] [ERROR] Failed to load resource: the server responded with a status of 424 (Failed Dependency) @ https://t.adx.opera.com/pub/sync?pubid=pub10101531197440&gdpr=1&gdpr_consent=:0
[   13999ms] [WARNING] An iframe which has both allow-scripts and allow-same-origin for its sandbox attribute can escape its sandboxing. @ https://cadmus.script.ac/d1oykxszdrgjgl/script.js:0
[   14782ms] [ERROR] Attestation check for Shared Storage on https://www.googleadservices.com failed. @ https://www.googleadservices.com/pagead/managed/js/activeview/current/reach_worklet.html:0
[   14828ms] [ERROR] Attestation check for Shared Storage on https://www.googleadservices.com failed. @ https://www.googleadservices.com/pagead/managed/js/activeview/current/reach_worklet.html:0
[   15126ms] [WARNING] Unrecognized feature: 'vr'. @ :0
[   15126ms] [WARNING] Unrecognized feature: 'speaker'. @ :0
[   15126ms] [WARNING] Unrecognized feature: 'vibrate'. @ :0
[   15810ms] [WARNING] An iframe which has both allow-scripts and allow-same-origin for its sandbox attribute can escape its sandboxing. @ https://cadmus.script.ac/d1oykxszdrgjgl/script.js:0
[   15958ms] [ERROR] Failed to load resource: the server responded with a status of 403 () @ chrome-error://chromewebdata/:0
[   15964ms] [ERROR] Refused to display 'https://csync-apac.smilewanted.com/' in a frame because it set 'X-Frame-Options' to 'sameorigin'. @ chrome-error://chromewebdata/:0
[   16013ms] [ERROR] Access to XMLHttpRequest at 'https://eb2.3lift.com/sync?' from origin 'https://lolchess.gg' has been blocked by CORS policy: No 'Access-Control-Allow-Origin' header is present on the requested resource. @ https://lolchess.gg/synergies/set1?hl=en:0
[   16014ms] [ERROR] Failed to load resource: net::ERR_FAILED @ https://eb2.3lift.com/sync?:0
[   16224ms] [ERROR] Failed to load resource: the server responded with a status of 404 () @ https://id5-sync.com/k/285.gif?puid=MP28KZKU-B-6IIF&gdpr=0:0
[   17128ms] [ERROR] Failed to load resource: the server responded with a status of 404 () @ https://id5-sync.com/k/285.gif?puid=MP28KZKU-B-6IIF&gdpr=0:0
[   17128ms] [ERROR] Failed to load resource: the server responded with a status of 404 () @ https://id5-sync.com/k/285.gif?puid=MP28KZKU-B-6IIF&gdpr=0:0
[   12906ms] [ERROR] Failed to load resource: the server responded with a status of 424 (Failed Dependency) @ https://t.adx.opera.com/pub/sync?pubid=pub10101531197440&gdpr=1&gdpr_consent=:0
[   17958ms] [ERROR] Failed to load resource: the server responded with a status of 400 (Bad Request) @ https://sync.adkernel.com/user-sync?zone=269038&r=https%3A%2F%2Fu-sjc03.e-planning.net%2Fum%3Fuid%3D%7BUID%7D%26dc%3D06ca82c8327a7f3f%26fi%3D06b4554cbb1ae21e:0
[   18234ms] [ERROR] Failed to load resource: the server responded with a status of 424 (Failed Dependency) @ https://t.adx.opera.com/pub/sync?pubid=pub10101531197440&gdpr=1&gdpr_consent=:0
[   12906ms] [ERROR] Failed to load resource: the server responded with a status of 424 (Failed Dependency) @ https://t.adx.opera.com/pub/sync?pubid=pub10101531197440&gdpr=1&gdpr_consent=:0
[   18234ms] [ERROR] Failed to load resource: the server responded with a status of 424 (Failed Dependency) @ https://t.adx.opera.com/pub/sync?pubid=pub10101531197440&gdpr=1&gdpr_consent=:0
[   12906ms] [ERROR] Failed to load resource: the server responded with a status of 424 (Failed Dependency) @ https://t.adx.opera.com/pub/sync?pubid=pub10101531197440&gdpr=1&gdpr_consent=:0
[   18234ms] [ERROR] Failed to load resource: the server responded with a status of 424 (Failed Dependency) @ https://t.adx.opera.com/pub/sync?pubid=pub10101531197440&gdpr=1&gdpr_consent=:0
