[    3286ms] [INFO] %cDownload the React DevTools for a better development experience: https://react.dev/link/react-devtools font-weight:bold @ http://localhost:3001/_next/static/chunks/node_modules_next_dist_7a8122d0._.js:2287
[    3454ms] [LOG] [HMR] connected @ http://localhost:3001/_next/static/chunks/node_modules_next_dist_7a8122d0._.js:2287
[   18194ms] [LOG] [Fast Refresh] rebuilding @ http://localhost:3001/_next/static/chunks/node_modules_next_dist_7a8122d0._.js:2287
[   18207ms] [LOG] [Fast Refresh] done in 115ms @ http://localhost:3001/_next/static/chunks/node_modules_next_dist_7a8122d0._.js:2287
[   61326ms] [LOG] [Fast Refresh] rebuilding @ http://localhost:3001/_next/static/chunks/node_modules_next_dist_7a8122d0._.js:2287
[   61451ms] [LOG] [Fast Refresh] done in 160ms @ http://localhost:3001/_next/static/chunks/node_modules_next_dist_7a8122d0._.js:2287
[   61580ms] [LOG] [Fast Refresh] rebuilding @ http://localhost:3001/_next/static/chunks/node_modules_next_dist_7a8122d0._.js:2287
[   61895ms] [LOG] [Fast Refresh] done in 431ms @ http://localhost:3001/_next/static/chunks/node_modules_next_dist_7a8122d0._.js:2287
[   78722ms] [LOG] [Fast Refresh] rebuilding @ http://localhost:3001/_next/static/chunks/node_modules_next_dist_7a8122d0._.js:2287
[   79216ms] [LOG] [Fast Refresh] done in 590ms @ http://localhost:3001/_next/static/chunks/node_modules_next_dist_7a8122d0._.js:2287
[   81050ms] [LOG] [Fast Refresh] rebuilding @ http://localhost:3001/_next/static/chunks/node_modules_next_dist_7a8122d0._.js:2287
[   81369ms] [LOG] [Fast Refresh] done in 445ms @ http://localhost:3001/_next/static/chunks/node_modules_next_dist_7a8122d0._.js:2287
[  105426ms] [LOG] [Fast Refresh] rebuilding @ http://localhost:3001/_next/static/chunks/node_modules_next_dist_7a8122d0._.js:2287
[  105627ms] [LOG] [Fast Refresh] done in 282ms @ http://localhost:3001/_next/static/chunks/node_modules_next_dist_7a8122d0._.js:2287
[  171274ms] [LOG] [Fast Refresh] rebuilding @ http://localhost:3001/_next/static/chunks/node_modules_next_dist_7a8122d0._.js:2287
[  171504ms] [LOG] [Fast Refresh] done in 346ms @ http://localhost:3001/_next/static/chunks/node_modules_next_dist_7a8122d0._.js:2287
[  545144ms] [LOG] [Fast Refresh] rebuilding @ http://localhost:3001/_next/static/chunks/node_modules_next_dist_7a8122d0._.js:2287
[  545396ms] [LOG] [Fast Refresh] done in 352ms @ http://localhost:3001/_next/static/chunks/node_modules_next_dist_7a8122d0._.js:2287
[  564945ms] [LOG] [Fast Refresh] rebuilding @ http://localhost:3001/_next/static/chunks/node_modules_next_dist_7a8122d0._.js:2287
[  565228ms] [LOG] [Fast Refresh] done in 388ms @ http://localhost:3001/_next/static/chunks/node_modules_next_dist_7a8122d0._.js:2287
[  574579ms] [LOG] [Fast Refresh] rebuilding @ http://localhost:3001/_next/static/chunks/node_modules_next_dist_7a8122d0._.js:2287
[  575265ms] [LOG] [Fast Refresh] done in 306ms @ http://localhost:3001/_next/static/chunks/node_modules_next_dist_7a8122d0._.js:2287
[  593566ms] [LOG] [Fast Refresh] rebuilding @ http://localhost:3001/_next/static/chunks/node_modules_next_dist_7a8122d0._.js:2287
[  594028ms] [LOG] [Fast Refresh] done in 585ms @ http://localhost:3001/_next/static/chunks/node_modules_next_dist_7a8122d0._.js:2287
[  609419ms] [LOG] [Fast Refresh] rebuilding @ http://localhost:3001/_next/static/chunks/node_modules_next_dist_7a8122d0._.js:2287
[  609953ms] [LOG] [Fast Refresh] done in 593ms @ http://localhost:3001/_next/static/chunks/node_modules_next_dist_7a8122d0._.js:2287
[  620124ms] [LOG] [Fast Refresh] rebuilding @ http://localhost:3001/_next/static/chunks/node_modules_next_dist_7a8122d0._.js:2287
[  620449ms] [LOG] [Fast Refresh] done in 441ms @ http://localhost:3001/_next/static/chunks/node_modules_next_dist_7a8122d0._.js:2287
[  625064ms] [LOG] [Fast Refresh] rebuilding @ http://localhost:3001/_next/static/chunks/node_modules_next_dist_7a8122d0._.js:2287
[  625301ms] [LOG] [Fast Refresh] done in 381ms @ http://localhost:3001/_next/static/chunks/node_modules_next_dist_7a8122d0._.js:2287
[  656867ms] [LOG] [Fast Refresh] rebuilding @ http://localhost:3001/_next/static/chunks/node_modules_next_dist_7a8122d0._.js:2287
[  657199ms] [LOG] [Fast Refresh] done in 97ms @ http://localhost:3001/_next/static/chunks/node_modules_next_dist_7a8122d0._.js:2287
[  657417ms] [LOG] [Fast Refresh] rebuilding @ http://localhost:3001/_next/static/chunks/node_modules_next_dist_7a8122d0._.js:2287
[  657433ms] [LOG] [Fast Refresh] done in 123ms @ http://localhost:3001/_next/static/chunks/node_modules_next_dist_7a8122d0._.js:2287
[  718818ms] [LOG] [Fast Refresh] rebuilding @ http://localhost:3001/_next/static/chunks/node_modules_next_dist_7a8122d0._.js:2287
[  718950ms] [LOG] [Fast Refresh] done in 234ms @ http://localhost:3001/_next/static/chunks/node_modules_next_dist_7a8122d0._.js:2287
[  890669ms] [LOG] [Fast Refresh] rebuilding @ http://localhost:3001/_next/static/chunks/node_modules_next_dist_7a8122d0._.js:2287
[  890831ms] [LOG] [Fast Refresh] done in 242ms @ http://localhost:3001/_next/static/chunks/node_modules_next_dist_7a8122d0._.js:2287
[  891021ms] [LOG] [Fast Refresh] rebuilding @ http://localhost:3001/_next/static/chunks/node_modules_next_dist_7a8122d0._.js:2287
[  891321ms] [LOG] [Fast Refresh] done in 419ms @ http://localhost:3001/_next/static/chunks/node_modules_next_dist_7a8122d0._.js:2287
[  891439ms] [LOG] [Fast Refresh] rebuilding @ http://localhost:3001/_next/static/chunks/node_modules_next_dist_7a8122d0._.js:2287
[  891455ms] [LOG] [Fast Refresh] done in 119ms @ http://localhost:3001/_next/static/chunks/node_modules_next_dist_7a8122d0._.js:2287
[  910518ms] [LOG] [Fast Refresh] rebuilding @ http://localhost:3001/_next/static/chunks/node_modules_next_dist_7a8122d0._.js:2287
[  910815ms] [LOG] [Fast Refresh] done in 121ms @ http://localhost:3001/_next/static/chunks/node_modules_next_dist_7a8122d0._.js:2287
[  911031ms] [LOG] [Fast Refresh] rebuilding @ http://localhost:3001/_next/static/chunks/node_modules_next_dist_7a8122d0._.js:2287
[  911031ms] [LOG] [Fast Refresh] done in 108ms @ http://localhost:3001/_next/static/chunks/node_modules_next_dist_7a8122d0._.js:2287
[  911202ms] [LOG] [Fast Refresh] rebuilding @ http://localhost:3001/_next/static/chunks/node_modules_next_dist_7a8122d0._.js:2287
[  911213ms] [LOG] [Fast Refresh] done in 127ms @ http://localhost:3001/_next/static/chunks/node_modules_next_dist_7a8122d0._.js:2287
[  922738ms] [LOG] [Fast Refresh] rebuilding @ http://localhost:3001/_next/static/chunks/node_modules_next_dist_7a8122d0._.js:2287
[  923089ms] [LOG] [Fast Refresh] done in 129ms @ http://localhost:3001/_next/static/chunks/node_modules_next_dist_7a8122d0._.js:2287
[  923308ms] [LOG] [Fast Refresh] rebuilding @ http://localhost:3001/_next/static/chunks/node_modules_next_dist_7a8122d0._.js:2287
[  923325ms] [LOG] [Fast Refresh] done in 123ms @ http://localhost:3001/_next/static/chunks/node_modules_next_dist_7a8122d0._.js:2287
[  923555ms] [LOG] [Fast Refresh] rebuilding @ http://localhost:3001/_next/static/chunks/node_modules_next_dist_7a8122d0._.js:2287
[  923577ms] [LOG] [Fast Refresh] done in 132ms @ http://localhost:3001/_next/static/chunks/node_modules_next_dist_7a8122d0._.js:2287
[  941811ms] [LOG] [Fast Refresh] rebuilding @ http://localhost:3001/_next/static/chunks/node_modules_next_dist_7a8122d0._.js:2287
[  941869ms] [LOG] [Fast Refresh] done in 187ms @ http://localhost:3001/_next/static/chunks/node_modules_next_dist_7a8122d0._.js:2287
[  956386ms] [LOG] [Fast Refresh] rebuilding @ http://localhost:3001/_next/static/chunks/node_modules_next_dist_7a8122d0._.js:2287
[  956855ms] [LOG] [Fast Refresh] done in 628ms @ http://localhost:3001/_next/static/chunks/node_modules_next_dist_7a8122d0._.js:2287
[  988312ms] [LOG] [Fast Refresh] rebuilding @ http://localhost:3001/_next/static/chunks/node_modules_next_dist_7a8122d0._.js:2287
[  988819ms] [LOG] [Fast Refresh] done in 598ms @ http://localhost:3001/_next/static/chunks/node_modules_next_dist_7a8122d0._.js:2287
[ 1025415ms] [LOG] [Fast Refresh] rebuilding @ http://localhost:3001/_next/static/chunks/node_modules_next_dist_7a8122d0._.js:2287
[ 1026469ms] [LOG] [Fast Refresh] done in 1158ms @ http://localhost:3001/_next/static/chunks/node_modules_next_dist_7a8122d0._.js:2287
[ 1066520ms] [LOG] [Fast Refresh] rebuilding @ http://localhost:3001/_next/static/chunks/node_modules_next_dist_7a8122d0._.js:2287
[ 1066780ms] [LOG] [Fast Refresh] done in 93ms @ http://localhost:3001/_next/static/chunks/node_modules_next_dist_7a8122d0._.js:2287
[ 1126504ms] [LOG] [Fast Refresh] rebuilding @ http://localhost:3001/_next/static/chunks/node_modules_next_dist_7a8122d0._.js:2287
[ 1126590ms] [LOG] [Fast Refresh] done in 191ms @ http://localhost:3001/_next/static/chunks/node_modules_next_dist_7a8122d0._.js:2287
[ 1231225ms] [LOG] [Fast Refresh] rebuilding @ http://localhost:3001/_next/static/chunks/node_modules_next_dist_7a8122d0._.js:2287
[ 1231261ms] [LOG] [Fast Refresh] done in 146ms @ http://localhost:3001/_next/static/chunks/node_modules_next_dist_7a8122d0._.js:2287
[ 1255753ms] [LOG] [Fast Refresh] rebuilding @ http://localhost:3001/_next/static/chunks/node_modules_next_dist_7a8122d0._.js:2287
[ 1257003ms] [LOG] [Fast Refresh] done in 1281ms @ http://localhost:3001/_next/static/chunks/node_modules_next_dist_7a8122d0._.js:2287
[ 1264400ms] [LOG] [Fast Refresh] rebuilding @ http://localhost:3001/_next/static/chunks/node_modules_next_dist_7a8122d0._.js:2287
[ 1264696ms] [LOG] [Fast Refresh] done in 110ms @ http://localhost:3001/_next/static/chunks/node_modules_next_dist_7a8122d0._.js:2287
[ 1264824ms] [LOG] [Fast Refresh] rebuilding @ http://localhost:3001/_next/static/chunks/node_modules_next_dist_7a8122d0._.js:2287
[ 1264840ms] [LOG] [Fast Refresh] done in 124ms @ http://localhost:3001/_next/static/chunks/node_modules_next_dist_7a8122d0._.js:2287
[ 1273557ms] [LOG] [Fast Refresh] rebuilding @ http://localhost:3001/_next/static/chunks/node_modules_next_dist_7a8122d0._.js:2287
[ 1273574ms] [LOG] [Fast Refresh] done in 122ms @ http://localhost:3001/_next/static/chunks/node_modules_next_dist_7a8122d0._.js:2287
[ 1329939ms] [LOG] [Fast Refresh] rebuilding @ http://localhost:3001/_next/static/chunks/node_modules_next_dist_7a8122d0._.js:2287
[ 1330052ms] [LOG] [Fast Refresh] done in 219ms @ http://localhost:3001/_next/static/chunks/node_modules_next_dist_7a8122d0._.js:2287
[ 2255557ms] [LOG] [Fast Refresh] rebuilding @ http://localhost:3001/_next/static/chunks/node_modules_next_dist_7a8122d0._.js:2287
[ 2255563ms] [LOG] [Fast Refresh] done in 113ms @ http://localhost:3001/_next/static/chunks/node_modules_next_dist_7a8122d0._.js:2287
