[  728383ms] [LOG] [Fast Refresh] rebuilding @ http://localhost:3001/_next/static/chunks/node_modules_next_dist_7a8122d0._.js:2287
[  728399ms] [LOG] [Fast Refresh] done in 121ms @ http://localhost:3001/_next/static/chunks/node_modules_next_dist_7a8122d0._.js:2287
[  752307ms] [LOG] [Fast Refresh] rebuilding @ http://localhost:3001/_next/static/chunks/node_modules_next_dist_7a8122d0._.js:2287
[  752429ms] [LOG] [Fast Refresh] done in 238ms @ http://localhost:3001/_next/static/chunks/node_modules_next_dist_7a8122d0._.js:2287
[  753915ms] [LOG] [Fast Refresh] rebuilding @ http://localhost:3001/_next/static/chunks/node_modules_next_dist_7a8122d0._.js:2287
[  753943ms] [LOG] [Fast Refresh] done in 139ms @ http://localhost:3001/_next/static/chunks/node_modules_next_dist_7a8122d0._.js:2287
[  761338ms] [LOG] [Fast Refresh] rebuilding @ http://localhost:3001/_next/static/chunks/node_modules_next_dist_7a8122d0._.js:2287
[  761360ms] [LOG] [Fast Refresh] done in 132ms @ http://localhost:3001/_next/static/chunks/node_modules_next_dist_7a8122d0._.js:2287
[  852884ms] [LOG] [Fast Refresh] rebuilding @ http://localhost:3001/_next/static/chunks/node_modules_next_dist_7a8122d0._.js:2287
[  852923ms] [LOG] [Fast Refresh] done in 153ms @ http://localhost:3001/_next/static/chunks/node_modules_next_dist_7a8122d0._.js:2287
[  882428ms] [LOG] [Fast Refresh] rebuilding @ http://localhost:3001/_next/static/chunks/node_modules_next_dist_7a8122d0._.js:2287
[  882699ms] [LOG] [Fast Refresh] done in 110ms @ http://localhost:3001/_next/static/chunks/node_modules_next_dist_7a8122d0._.js:2287
[  882897ms] [LOG] [Fast Refresh] rebuilding @ http://localhost:3001/_next/static/chunks/node_modules_next_dist_7a8122d0._.js:2287
[  882924ms] [LOG] [Fast Refresh] done in 135ms @ http://localhost:3001/_next/static/chunks/node_modules_next_dist_7a8122d0._.js:2287
[  896587ms] [LOG] [Fast Refresh] rebuilding @ http://localhost:3001/_next/static/chunks/node_modules_next_dist_7a8122d0._.js:2287
[  896605ms] [LOG] [Fast Refresh] done in 122ms @ http://localhost:3001/_next/static/chunks/node_modules_next_dist_7a8122d0._.js:2287
[  926070ms] [LOG] [Fast Refresh] rebuilding @ http://localhost:3001/_next/static/chunks/node_modules_next_dist_7a8122d0._.js:2287
[  926074ms] [LOG] [Fast Refresh] done in 108ms @ http://localhost:3001/_next/static/chunks/node_modules_next_dist_7a8122d0._.js:2287
[  937300ms] [LOG] [Fast Refresh] rebuilding @ http://localhost:3001/_next/static/chunks/node_modules_next_dist_7a8122d0._.js:2287
[  937330ms] [LOG] [Fast Refresh] done in 93ms @ http://localhost:3001/_next/static/chunks/node_modules_next_dist_7a8122d0._.js:2287
[ 1011989ms] [LOG] [Fast Refresh] rebuilding @ http://localhost:3001/_next/static/chunks/node_modules_next_dist_7a8122d0._.js:2287
[ 1012976ms] [LOG] [Fast Refresh] done in 1095ms @ http://localhost:3001/_next/static/chunks/node_modules_next_dist_7a8122d0._.js:2287
[ 1030597ms] [LOG] [Fast Refresh] rebuilding @ http://localhost:3001/_next/static/chunks/node_modules_next_dist_7a8122d0._.js:2287
[ 1030625ms] [LOG] [Fast Refresh] done in 140ms @ http://localhost:3001/_next/static/chunks/node_modules_next_dist_7a8122d0._.js:2287
[ 1268941ms] [LOG] [Fast Refresh] rebuilding @ http://localhost:3001/_next/static/chunks/node_modules_next_dist_7a8122d0._.js:2287
[ 1268985ms] [LOG] [Fast Refresh] done in 137ms @ http://localhost:3001/_next/static/chunks/node_modules_next_dist_7a8122d0._.js:2287
[ 1269097ms] [LOG] [Fast Refresh] rebuilding @ http://localhost:3001/_next/static/chunks/node_modules_next_dist_7a8122d0._.js:2287
[ 1269253ms] [LOG] [Fast Refresh] done in 268ms @ http://localhost:3001/_next/static/chunks/node_modules_next_dist_7a8122d0._.js:2287
[ 1269367ms] [LOG] [Fast Refresh] rebuilding @ http://localhost:3001/_next/static/chunks/node_modules_next_dist_7a8122d0._.js:2287
[ 1269544ms] [LOG] [Fast Refresh] done in 282ms @ http://localhost:3001/_next/static/chunks/node_modules_next_dist_7a8122d0._.js:2287
[ 1269673ms] [LOG] [Fast Refresh] rebuilding @ http://localhost:3001/_next/static/chunks/node_modules_next_dist_7a8122d0._.js:2287
[ 1269695ms] [LOG] [Fast Refresh] done in 80ms @ http://localhost:3001/_next/static/chunks/node_modules_next_dist_7a8122d0._.js:2287
[ 1269814ms] [LOG] [Fast Refresh] rebuilding @ http://localhost:3001/_next/static/chunks/node_modules_next_dist_7a8122d0._.js:2287
[ 1269960ms] [LOG] [Fast Refresh] done in 247ms @ http://localhost:3001/_next/static/chunks/node_modules_next_dist_7a8122d0._.js:2287
[ 1270094ms] [LOG] [Fast Refresh] rebuilding @ http://localhost:3001/_next/static/chunks/node_modules_next_dist_7a8122d0._.js:2287
[ 1270113ms] [LOG] [Fast Refresh] done in 124ms @ http://localhost:3001/_next/static/chunks/node_modules_next_dist_7a8122d0._.js:2287
[ 1280675ms] [LOG] [Fast Refresh] rebuilding @ http://localhost:3001/_next/static/chunks/node_modules_next_dist_7a8122d0._.js:2287
[ 1280687ms] [LOG] [Fast Refresh] done in 85ms @ http://localhost:3001/_next/static/chunks/node_modules_next_dist_7a8122d0._.js:2287
[ 1280803ms] [LOG] [Fast Refresh] rebuilding @ http://localhost:3001/_next/static/chunks/node_modules_next_dist_7a8122d0._.js:2287
[ 1280874ms] [LOG] [Fast Refresh] done in 181ms @ http://localhost:3001/_next/static/chunks/node_modules_next_dist_7a8122d0._.js:2287
[ 1283936ms] [LOG] [Fast Refresh] rebuilding @ http://localhost:3001/_next/static/chunks/node_modules_next_dist_7a8122d0._.js:2287
[ 1283946ms] [LOG] [Fast Refresh] done in 100ms @ http://localhost:3001/_next/static/chunks/node_modules_next_dist_7a8122d0._.js:2287
[ 1284067ms] [LOG] [Fast Refresh] rebuilding @ http://localhost:3001/_next/static/chunks/node_modules_next_dist_7a8122d0._.js:2287
[ 1284145ms] [LOG] [Fast Refresh] done in 194ms @ http://localhost:3001/_next/static/chunks/node_modules_next_dist_7a8122d0._.js:2287
[ 1284243ms] [LOG] [Fast Refresh] rebuilding @ http://localhost:3001/_next/static/chunks/node_modules_next_dist_7a8122d0._.js:2287
[ 1284891ms] [LOG] [Fast Refresh] done in 85ms @ http://localhost:3001/_next/static/chunks/node_modules_next_dist_7a8122d0._.js:2287
[ 1285001ms] [LOG] [Fast Refresh] rebuilding @ http://localhost:3001/_next/static/chunks/node_modules_next_dist_7a8122d0._.js:2287
[ 1285015ms] [LOG] [Fast Refresh] done in 117ms @ http://localhost:3001/_next/static/chunks/node_modules_next_dist_7a8122d0._.js:2287
[ 1285126ms] [LOG] [Fast Refresh] rebuilding @ http://localhost:3001/_next/static/chunks/node_modules_next_dist_7a8122d0._.js:2287
[ 1285167ms] [LOG] [Fast Refresh] done in 143ms @ http://localhost:3001/_next/static/chunks/node_modules_next_dist_7a8122d0._.js:2287
[ 1287678ms] [LOG] [Fast Refresh] rebuilding @ http://localhost:3001/_next/static/chunks/node_modules_next_dist_7a8122d0._.js:2287
[ 1287696ms] [LOG] [Fast Refresh] done in 121ms @ http://localhost:3001/_next/static/chunks/node_modules_next_dist_7a8122d0._.js:2287
[ 1299012ms] [LOG] [Fast Refresh] rebuilding @ http://localhost:3001/_next/static/chunks/node_modules_next_dist_7a8122d0._.js:2287
[ 1299054ms] [LOG] [Fast Refresh] done in 139ms @ http://localhost:3001/_next/static/chunks/node_modules_next_dist_7a8122d0._.js:2287
[ 1299184ms] [LOG] [Fast Refresh] rebuilding @ http://localhost:3001/_next/static/chunks/node_modules_next_dist_7a8122d0._.js:2287
[ 1299261ms] [LOG] [Fast Refresh] done in 189ms @ http://localhost:3001/_next/static/chunks/node_modules_next_dist_7a8122d0._.js:2287
[ 1299410ms] [LOG] [Fast Refresh] rebuilding @ http://localhost:3001/_next/static/chunks/node_modules_next_dist_7a8122d0._.js:2287
[ 1299544ms] [LOG] [Fast Refresh] done in 237ms @ http://localhost:3001/_next/static/chunks/node_modules_next_dist_7a8122d0._.js:2287
[ 1299672ms] [ERROR] Failed to load resource: net::ERR_INCOMPLETE_CHUNKED_ENCODING @ http://localhost:3001/tft?_rsc=1r2uq:0
[ 1299717ms] network error
[ 1302085ms] [ERROR] Failed to load resource: net::ERR_CONNECTION_REFUSED @ http://localhost:3001/__nextjs_original-stack-frames:0
[ 1303034ms] [ERROR] WebSocket connection to 'ws://localhost:3001/_next/webpack-hmr?id=NlVMnpxulCQeGcDhUcpT3' failed: Error in connection establishment: net::ERR_CONNECTION_REFUSED @ http://localhost:3001/_next/static/chunks/node_modules_next_dist_client_aaee43fe._.js:10116
[ 1305101ms] [LOG] [HMR] connected @ http://localhost:3001/_next/static/chunks/node_modules_next_dist_7a8122d0._.js:2287
[ 1317148ms] [INFO] %cDownload the React DevTools for a better development experience: https://react.dev/link/react-devtools font-weight:bold @ http://localhost:3001/_next/static/chunks/node_modules_next_dist_7a8122d0._.js:2287
[ 1317257ms] [LOG] [HMR] connected @ http://localhost:3001/_next/static/chunks/node_modules_next_dist_7a8122d0._.js:2287
[ 1323316ms] [LOG] [Fast Refresh] rebuilding @ http://localhost:3001/_next/static/chunks/node_modules_next_dist_7a8122d0._.js:2287
[ 1323378ms] [LOG] [Fast Refresh] done in 172ms @ http://localhost:3001/_next/static/chunks/node_modules_next_dist_7a8122d0._.js:2287
[ 1377048ms] [LOG] [Fast Refresh] rebuilding @ http://localhost:3001/_next/static/chunks/node_modules_next_dist_7a8122d0._.js:2287
[ 1377049ms] [LOG] [Fast Refresh] done in 104ms @ http://localhost:3001/_next/static/chunks/node_modules_next_dist_7a8122d0._.js:2287
[ 1395757ms] [LOG] [Fast Refresh] rebuilding @ http://localhost:3001/_next/static/chunks/node_modules_next_dist_7a8122d0._.js:2287
[ 1397226ms] [LOG] [Fast Refresh] done in 1580ms @ http://localhost:3001/_next/static/chunks/node_modules_next_dist_7a8122d0._.js:2287
[ 1399251ms] [LOG] [Fast Refresh] rebuilding @ http://localhost:3001/_next/static/chunks/node_modules_next_dist_7a8122d0._.js:2287
[ 1399756ms] [LOG] [Fast Refresh] done in 607ms @ http://localhost:3001/_next/static/chunks/node_modules_next_dist_7a8122d0._.js:2287
