[    1361ms] [INFO] %cDownload the React DevTools for a better development experience: https://react.dev/link/react-devtools font-weight:bold @ http://localhost:3001/_next/static/chunks/node_modules_next_dist_7a8122d0._.js:2287
[    1530ms] [LOG] [HMR] connected @ http://localhost:3001/_next/static/chunks/node_modules_next_dist_7a8122d0._.js:2287
[   49899ms] [INFO] %cDownload the React DevTools for a better development experience: https://react.dev/link/react-devtools font-weight:bold @ http://localhost:3001/_next/static/chunks/node_modules_next_dist_7a8122d0._.js:2287
[   49976ms] [LOG] [HMR] connected @ http://localhost:3001/_next/static/chunks/node_modules_next_dist_7a8122d0._.js:2287
[  171983ms] [LOG] [Fast Refresh] rebuilding @ http://localhost:3001/_next/static/chunks/node_modules_next_dist_7a8122d0._.js:2287
[  172145ms] [LOG] [Fast Refresh] done in 243ms @ http://localhost:3001/_next/static/chunks/node_modules_next_dist_7a8122d0._.js:2287
[  172360ms] [LOG] [Fast Refresh] rebuilding @ http://localhost:3001/_next/static/chunks/node_modules_next_dist_7a8122d0._.js:2287
[  172634ms] [LOG] [Fast Refresh] done in 420ms @ http://localhost:3001/_next/static/chunks/node_modules_next_dist_7a8122d0._.js:2287
[  172752ms] [LOG] [Fast Refresh] rebuilding @ http://localhost:3001/_next/static/chunks/node_modules_next_dist_7a8122d0._.js:2287
[  172768ms] [LOG] [Fast Refresh] done in 119ms @ http://localhost:3001/_next/static/chunks/node_modules_next_dist_7a8122d0._.js:2287
[  191825ms] [LOG] [Fast Refresh] rebuilding @ http://localhost:3001/_next/static/chunks/node_modules_next_dist_7a8122d0._.js:2287
[  192129ms] [LOG] [Fast Refresh] done in 112ms @ http://localhost:3001/_next/static/chunks/node_modules_next_dist_7a8122d0._.js:2287
[  192343ms] [LOG] [Fast Refresh] rebuilding @ http://localhost:3001/_next/static/chunks/node_modules_next_dist_7a8122d0._.js:2287
[  192344ms] [LOG] [Fast Refresh] done in 108ms @ http://localhost:3001/_next/static/chunks/node_modules_next_dist_7a8122d0._.js:2287
[  192499ms] [LOG] [Fast Refresh] rebuilding @ http://localhost:3001/_next/static/chunks/node_modules_next_dist_7a8122d0._.js:2287
[  192524ms] [LOG] [Fast Refresh] done in 126ms @ http://localhost:3001/_next/static/chunks/node_modules_next_dist_7a8122d0._.js:2287
[  204039ms] [LOG] [Fast Refresh] rebuilding @ http://localhost:3001/_next/static/chunks/node_modules_next_dist_7a8122d0._.js:2287
[  204403ms] [LOG] [Fast Refresh] done in 95ms @ http://localhost:3001/_next/static/chunks/node_modules_next_dist_7a8122d0._.js:2287
[  204622ms] [LOG] [Fast Refresh] rebuilding @ http://localhost:3001/_next/static/chunks/node_modules_next_dist_7a8122d0._.js:2287
[  204639ms] [LOG] [Fast Refresh] done in 123ms @ http://localhost:3001/_next/static/chunks/node_modules_next_dist_7a8122d0._.js:2287
[  204868ms] [LOG] [Fast Refresh] rebuilding @ http://localhost:3001/_next/static/chunks/node_modules_next_dist_7a8122d0._.js:2287
[  204889ms] [LOG] [Fast Refresh] done in 134ms @ http://localhost:3001/_next/static/chunks/node_modules_next_dist_7a8122d0._.js:2287
[  223130ms] [LOG] [Fast Refresh] rebuilding @ http://localhost:3001/_next/static/chunks/node_modules_next_dist_7a8122d0._.js:2287
[  223182ms] [LOG] [Fast Refresh] done in 188ms @ http://localhost:3001/_next/static/chunks/node_modules_next_dist_7a8122d0._.js:2287
[  237688ms] [LOG] [Fast Refresh] rebuilding @ http://localhost:3001/_next/static/chunks/node_modules_next_dist_7a8122d0._.js:2287
[  238362ms] [LOG] [Fast Refresh] done in 613ms @ http://localhost:3001/_next/static/chunks/node_modules_next_dist_7a8122d0._.js:2287
[  269625ms] [LOG] [Fast Refresh] rebuilding @ http://localhost:3001/_next/static/chunks/node_modules_next_dist_7a8122d0._.js:2287
[  270310ms] [LOG] [Fast Refresh] done in 636ms @ http://localhost:3001/_next/static/chunks/node_modules_next_dist_7a8122d0._.js:2287
[  306770ms] [LOG] [Fast Refresh] rebuilding @ http://localhost:3001/_next/static/chunks/node_modules_next_dist_7a8122d0._.js:2287
[  307956ms] [LOG] [Fast Refresh] done in 1175ms @ http://localhost:3001/_next/static/chunks/node_modules_next_dist_7a8122d0._.js:2287
[  347834ms] [LOG] [Fast Refresh] rebuilding @ http://localhost:3001/_next/static/chunks/node_modules_next_dist_7a8122d0._.js:2287
[  348094ms] [LOG] [Fast Refresh] done in 94ms @ http://localhost:3001/_next/static/chunks/node_modules_next_dist_7a8122d0._.js:2287
[  407833ms] [LOG] [Fast Refresh] rebuilding @ http://localhost:3001/_next/static/chunks/node_modules_next_dist_7a8122d0._.js:2287
[  407904ms] [LOG] [Fast Refresh] done in 186ms @ http://localhost:3001/_next/static/chunks/node_modules_next_dist_7a8122d0._.js:2287
