[     955ms] [INFO] %cDownload the React DevTools for a better development experience: https://react.dev/link/react-devtools font-weight:bold @ http://localhost:3001/_next/static/chunks/node_modules_next_dist_7a8122d0._.js:2287
[    1149ms] [LOG] [HMR] connected @ http://localhost:3001/_next/static/chunks/node_modules_next_dist_7a8122d0._.js:2287
[   43253ms] [LOG] [Fast Refresh] rebuilding @ http://localhost:3001/_next/static/chunks/node_modules_next_dist_7a8122d0._.js:2287
[   43388ms] [LOG] [Fast Refresh] done in 164ms @ http://localhost:3001/_next/static/chunks/node_modules_next_dist_7a8122d0._.js:2287
[   43502ms] [LOG] [Fast Refresh] rebuilding @ http://localhost:3001/_next/static/chunks/node_modules_next_dist_7a8122d0._.js:2287
[   43834ms] [LOG] [Fast Refresh] done in 432ms @ http://localhost:3001/_next/static/chunks/node_modules_next_dist_7a8122d0._.js:2287
[   60656ms] [LOG] [Fast Refresh] rebuilding @ http://localhost:3001/_next/static/chunks/node_modules_next_dist_7a8122d0._.js:2287
[   61379ms] [LOG] [Fast Refresh] done in 584ms @ http://localhost:3001/_next/static/chunks/node_modules_next_dist_7a8122d0._.js:2287
[   62978ms] [LOG] [Fast Refresh] rebuilding @ http://localhost:3001/_next/static/chunks/node_modules_next_dist_7a8122d0._.js:2287
[   63311ms] [LOG] [Fast Refresh] done in 449ms @ http://localhost:3001/_next/static/chunks/node_modules_next_dist_7a8122d0._.js:2287
[   87270ms] [LOG] [Fast Refresh] rebuilding @ http://localhost:3001/_next/static/chunks/node_modules_next_dist_7a8122d0._.js:2287
[   87735ms] [LOG] [Fast Refresh] done in 382ms @ http://localhost:3001/_next/static/chunks/node_modules_next_dist_7a8122d0._.js:2287
[  153212ms] [LOG] [Fast Refresh] rebuilding @ http://localhost:3001/_next/static/chunks/node_modules_next_dist_7a8122d0._.js:2287
[  153440ms] [LOG] [Fast Refresh] done in 345ms @ http://localhost:3001/_next/static/chunks/node_modules_next_dist_7a8122d0._.js:2287
[  509774ms] [INFO] %cDownload the React DevTools for a better development experience: https://react.dev/link/react-devtools font-weight:bold @ http://localhost:3001/_next/static/chunks/node_modules_next_dist_7a8122d0._.js:2287
[  509908ms] [LOG] [HMR] connected @ http://localhost:3001/_next/static/chunks/node_modules_next_dist_7a8122d0._.js:2287
[  527035ms] [LOG] [Fast Refresh] rebuilding @ http://localhost:3001/_next/static/chunks/node_modules_next_dist_7a8122d0._.js:2287
[  527569ms] ReferenceError: signedLp is not defined
    at SummaryPanel (http://localhost:3001/_next/static/chunks/src_57f68c88._.js?id=%255Bproject%255D%252Fsrc%252Fcomponents%252FTftMatchHistory.tsx+%255Bapp-client%255D+%2528ecmascript%2529:680:9)
    at Object.react_stack_bottom_frame (http://localhost:3001/_next/static/chunks/node_modules_next_dist_compiled_react-dom_1e674e59._.js:14816:24)
    at renderWithHooks (http://localhost:3001/_next/static/chunks/node_modules_next_dist_compiled_react-dom_1e674e59._.js:4645:24)
    at updateFunctionComponent (http://localhost:3001/_next/static/chunks/node_modules_next_dist_compiled_react-dom_1e674e59._.js:6106:21)
    at beginWork (http://localhost:3001/_next/static/chunks/node_modules_next_dist_compiled_react-dom_1e674e59._.js:6702:24)
    at runWithFiberInDEV (http://localhost:3001/_next/static/chunks/node_modules_next_dist_compiled_react-dom_1e674e59._.js:959:74)
    at performUnitOfWork (http://localhost:3001/_next/static/chunks/node_modules_next_dist_compiled_react-dom_1e674e59._.js:9556:97)
    at workLoopSync (http://localhost:3001/_next/static/chunks/node_modules_next_dist_compiled_react-dom_1e674e59._.js:9450:40)
    at renderRootSync (http://localhost:3001/_next/static/chunks/node_modules_next_dist_compiled_react-dom_1e674e59._.js:9434:13)
    at performWorkOnRoot (http://localhost:3001/_next/static/chunks/node_modules_next_dist_compiled_react-dom_1e674e59._.js:9099:47)
    at performSyncWorkOnRoot (http://localhost:3001/_next/static/chunks/node_modules_next_dist_compiled_react-dom_1e674e59._.js:10232:9)
    at flushSyncWorkAcrossRoots_impl (http://localhost:3001/_next/static/chunks/node_modules_next_dist_compiled_react-dom_1e674e59._.js:10148:316)
    at flushSyncWork$1 (http://localhost:3001/_next/static/chunks/node_modules_next_dist_compiled_react-dom_1e674e59._.js:9231:86)
    at Object.scheduleRefresh (http://localhost:3001/_next/static/chunks/node_modules_next_dist_compiled_react-dom_1e674e59._.js:294:13)
    at http://localhost:3001/_next/static/chunks/node_modules_next_dist_compiled_a0e4c7b4._.js:391:33
    at Set.forEach (<anonymous>)
    at Object.performReactRefresh (http://localhost:3001/_next/static/chunks/node_modules_next_dist_compiled_a0e4c7b4._.js:384:38)
    at applyUpdate (http://localhost:3001/_next/static/chunks/node_modules_next_dist_compiled_a0e4c7b4._.js:878:31)
    at http://localhost:3001/_next/static/chunks/node_modules_next_dist_compiled_a0e4c7b4._.js:886:13
[  527590ms] [LOG] [Fast Refresh] done in 402ms @ http://localhost:3001/_next/static/chunks/node_modules_next_dist_7a8122d0._.js:2287
[  546879ms] [LOG] [Fast Refresh] rebuilding @ http://localhost:3001/_next/static/chunks/node_modules_next_dist_7a8122d0._.js:2287
[  547166ms] [LOG] [Fast Refresh] done in 390ms @ http://localhost:3001/_next/static/chunks/node_modules_next_dist_7a8122d0._.js:2287
[  547749ms] [ERROR] Failed to load resource: the server responded with a status of 500 (Internal Server Error) @ http://localhost:3001/tft/p/XSHANEX/xsx:0
[  547863ms] [INFO] %cDownload the React DevTools for a better development experience: https://react.dev/link/react-devtools font-weight:bold @ http://localhost:3001/_next/static/chunks/node_modules_next_dist_7a8122d0._.js:2287
[  547900ms] [LOG] [HMR] connected @ http://localhost:3001/_next/static/chunks/node_modules_next_dist_7a8122d0._.js:2287
[  548105ms] ReferenceError: signedLp is not defined
    at SummaryPanel (http://localhost:3001/_next/static/chunks/src_57f68c88._.js:1158:9)
    at Object.react_stack_bottom_frame (http://localhost:3001/_next/static/chunks/node_modules_next_dist_compiled_react-dom_1e674e59._.js:14816:24)
    at renderWithHooks (http://localhost:3001/_next/static/chunks/node_modules_next_dist_compiled_react-dom_1e674e59._.js:4645:24)
    at updateFunctionComponent (http://localhost:3001/_next/static/chunks/node_modules_next_dist_compiled_react-dom_1e674e59._.js:6106:21)
    at beginWork (http://localhost:3001/_next/static/chunks/node_modules_next_dist_compiled_react-dom_1e674e59._.js:6702:24)
    at runWithFiberInDEV (http://localhost:3001/_next/static/chunks/node_modules_next_dist_compiled_react-dom_1e674e59._.js:959:74)
    at performUnitOfWork (http://localhost:3001/_next/static/chunks/node_modules_next_dist_compiled_react-dom_1e674e59._.js:9556:97)
    at workLoopSync (http://localhost:3001/_next/static/chunks/node_modules_next_dist_compiled_react-dom_1e674e59._.js:9450:40)
    at renderRootSync (http://localhost:3001/_next/static/chunks/node_modules_next_dist_compiled_react-dom_1e674e59._.js:9434:13)
    at performWorkOnRoot (http://localhost:3001/_next/static/chunks/node_modules_next_dist_compiled_react-dom_1e674e59._.js:9099:47)
    at performWorkOnRootViaSchedulerTask (http://localhost:3001/_next/static/chunks/node_modules_next_dist_compiled_react-dom_1e674e59._.js:10224:9)
    at MessagePort.performWorkUntilDeadline (http://localhost:3001/_next/static/chunks/node_modules_next_dist_compiled_a0e4c7b4._.js:2647:64)
[  551131ms] [WARNING] The resource http://localhost:3001/_next/static/chunks/%5Broot-of-the-server%5D__3b974842._.css was preloaded using link preload but not used within a few seconds from the window's load event. Please make sure it has an appropriate `as` value and it is preloaded intentionally. @ http://localhost:3001/tft/p/XSHANEX/xsx:0
[  556486ms] [LOG] [Fast Refresh] rebuilding @ http://localhost:3001/_next/static/chunks/node_modules_next_dist_7a8122d0._.js:2287
[  556622ms] [WARNING] [Fast Refresh] performing full reload because your application had an unrecoverable error @ http://localhost:3001/_next/static/chunks/node_modules_next_dist_7a8122d0._.js:2287
[  556633ms] Error: No link element found for chunk /_next/static/chunks/%5Broot-of-the-server%5D__3b974842._.css
    at http://localhost:3001/_next/static/chunks/turbopack-_45210fd5._.js:1777:28
    at new Promise (<anonymous>)
    at Object.reloadChunk (http://localhost:3001/_next/static/chunks/turbopack-_45210fd5._.js:1769:20)
    at applyChunkListUpdate (http://localhost:3001/_next/static/chunks/turbopack-_45210fd5._.js:1150:46)
    at applyUpdate (http://localhost:3001/_next/static/chunks/turbopack-_45210fd5._.js:1124:13)
    at handleApply (http://localhost:3001/_next/static/chunks/turbopack-_45210fd5._.js:1344:17)
    at triggerUpdate (http://localhost:3001/_next/static/chunks/%5Bturbopack%5D_browser_dev_hmr-client_hmr-client_ts_c8c997ce._.js:452:9)
    at applyAggregatedUpdates (http://localhost:3001/_next/static/chunks/%5Bturbopack%5D_browser_dev_hmr-client_hmr-client_ts_c8c997ce._.js:98:9)
    at http://localhost:3001/_next/static/chunks/%5Bturbopack%5D_browser_dev_hmr-client_hmr-client_ts_c8c997ce._.js:32:21
    at processTurbopackMessage (http://localhost:3001/_next/static/chunks/node_modules_next_dist_client_aaee43fe._.js:10188:13)
    at processMessage (http://localhost:3001/_next/static/chunks/node_modules_next_dist_client_aaee43fe._.js:10818:17)
    at WebSocket.handleMessage (http://localhost:3001/_next/static/chunks/node_modules_next_dist_client_aaee43fe._.js:10152:52)
[  556721ms] [WARNING] [Fast Refresh] performing full reload because your application had an unrecoverable error @ http://localhost:3001/_next/static/chunks/node_modules_next_dist_7a8122d0._.js:2287
[  557203ms] [LOG] [Fast Refresh] done in 337ms @ http://localhost:3001/_next/static/chunks/node_modules_next_dist_7a8122d0._.js:2287
[  558230ms] [INFO] %cDownload the React DevTools for a better development experience: https://react.dev/link/react-devtools font-weight:bold @ http://localhost:3001/_next/static/chunks/node_modules_next_dist_7a8122d0._.js:2287
[  558272ms] [LOG] [HMR] connected @ http://localhost:3001/_next/static/chunks/node_modules_next_dist_7a8122d0._.js:2287
[  575536ms] [LOG] [Fast Refresh] rebuilding @ http://localhost:3001/_next/static/chunks/node_modules_next_dist_7a8122d0._.js:2287
[  575964ms] [LOG] [Fast Refresh] done in 530ms @ http://localhost:3001/_next/static/chunks/node_modules_next_dist_7a8122d0._.js:2287
[  577408ms] [ERROR] Failed to load resource: the server responded with a status of 500 (Internal Server Error) @ http://localhost:3001/api/tft/p/XSHANEX/xsx/matches?limit=10&autosync=1&cursor=eyJnZCI6MTc3ODQ5OTU5MjA0MywiaWQiOiI2YTAyM2I4YjAwZGU2OWZhNTJkYWExZjQiLCJtYXRjaElkIjoiU0cyXzE1MjI5MTc5MSJ9:0
[  583411ms] [ERROR] Failed to load resource: the server responded with a status of 500 (Internal Server Error) @ http://localhost:3001/api/tft/p/XSHANEX/xsx/matches?limit=10&autosync=1&cursor=eyJnZCI6MTc3ODQ5OTU5MjA0MywiaWQiOiI2YTAyM2I4YjAwZGU2OWZhNTJkYWExZjQiLCJtYXRjaElkIjoiU0cyXzE1MjI5MTc5MSJ9:0
[  591278ms] [LOG] [Fast Refresh] rebuilding @ http://localhost:3001/_next/static/chunks/node_modules_next_dist_7a8122d0._.js:2287
[  592045ms] [LOG] [Fast Refresh] done in 732ms @ http://localhost:3001/_next/static/chunks/node_modules_next_dist_7a8122d0._.js:2287
[  602059ms] [LOG] [Fast Refresh] rebuilding @ http://localhost:3001/_next/static/chunks/node_modules_next_dist_7a8122d0._.js:2287
[  602390ms] [LOG] [Fast Refresh] done in 444ms @ http://localhost:3001/_next/static/chunks/node_modules_next_dist_7a8122d0._.js:2287
[  603178ms] [INFO] %cDownload the React DevTools for a better development experience: https://react.dev/link/react-devtools font-weight:bold @ http://localhost:3001/_next/static/chunks/node_modules_next_dist_7a8122d0._.js:2287
[  603226ms] [LOG] [HMR] connected @ http://localhost:3001/_next/static/chunks/node_modules_next_dist_7a8122d0._.js:2287
[  606932ms] [LOG] [Fast Refresh] rebuilding @ http://localhost:3001/_next/static/chunks/node_modules_next_dist_7a8122d0._.js:2287
[  607477ms] [LOG] [Fast Refresh] done in 416ms @ http://localhost:3001/_next/static/chunks/node_modules_next_dist_7a8122d0._.js:2287
[  638795ms] [LOG] [Fast Refresh] rebuilding @ http://localhost:3001/_next/static/chunks/node_modules_next_dist_7a8122d0._.js:2287
[  639141ms] [LOG] [Fast Refresh] done in 115ms @ http://localhost:3001/_next/static/chunks/node_modules_next_dist_7a8122d0._.js:2287
[  639352ms] [LOG] [Fast Refresh] rebuilding @ http://localhost:3001/_next/static/chunks/node_modules_next_dist_7a8122d0._.js:2287
[  639371ms] [LOG] [Fast Refresh] done in 120ms @ http://localhost:3001/_next/static/chunks/node_modules_next_dist_7a8122d0._.js:2287
[  700772ms] [LOG] [Fast Refresh] rebuilding @ http://localhost:3001/_next/static/chunks/node_modules_next_dist_7a8122d0._.js:2287
[  700889ms] [LOG] [Fast Refresh] done in 234ms @ http://localhost:3001/_next/static/chunks/node_modules_next_dist_7a8122d0._.js:2287
[  872607ms] [LOG] [Fast Refresh] rebuilding @ http://localhost:3001/_next/static/chunks/node_modules_next_dist_7a8122d0._.js:2287
[  872771ms] [LOG] [Fast Refresh] done in 249ms @ http://localhost:3001/_next/static/chunks/node_modules_next_dist_7a8122d0._.js:2287
[  872962ms] [LOG] [Fast Refresh] rebuilding @ http://localhost:3001/_next/static/chunks/node_modules_next_dist_7a8122d0._.js:2287
[  873259ms] [LOG] [Fast Refresh] done in 419ms @ http://localhost:3001/_next/static/chunks/node_modules_next_dist_7a8122d0._.js:2287
[  873377ms] [LOG] [Fast Refresh] rebuilding @ http://localhost:3001/_next/static/chunks/node_modules_next_dist_7a8122d0._.js:2287
[  873393ms] [LOG] [Fast Refresh] done in 119ms @ http://localhost:3001/_next/static/chunks/node_modules_next_dist_7a8122d0._.js:2287
[  892461ms] [LOG] [Fast Refresh] rebuilding @ http://localhost:3001/_next/static/chunks/node_modules_next_dist_7a8122d0._.js:2287
[  892761ms] [LOG] [Fast Refresh] done in 125ms @ http://localhost:3001/_next/static/chunks/node_modules_next_dist_7a8122d0._.js:2287
[  892968ms] [LOG] [Fast Refresh] rebuilding @ http://localhost:3001/_next/static/chunks/node_modules_next_dist_7a8122d0._.js:2287
[  892969ms] [LOG] [Fast Refresh] done in 108ms @ http://localhost:3001/_next/static/chunks/node_modules_next_dist_7a8122d0._.js:2287
[  893124ms] [LOG] [Fast Refresh] rebuilding @ http://localhost:3001/_next/static/chunks/node_modules_next_dist_7a8122d0._.js:2287
[  893149ms] [LOG] [Fast Refresh] done in 126ms @ http://localhost:3001/_next/static/chunks/node_modules_next_dist_7a8122d0._.js:2287
[  904669ms] [LOG] [Fast Refresh] rebuilding @ http://localhost:3001/_next/static/chunks/node_modules_next_dist_7a8122d0._.js:2287
[  905027ms] [LOG] [Fast Refresh] done in 100ms @ http://localhost:3001/_next/static/chunks/node_modules_next_dist_7a8122d0._.js:2287
[  905249ms] [LOG] [Fast Refresh] rebuilding @ http://localhost:3001/_next/static/chunks/node_modules_next_dist_7a8122d0._.js:2287
[  905263ms] [LOG] [Fast Refresh] done in 124ms @ http://localhost:3001/_next/static/chunks/node_modules_next_dist_7a8122d0._.js:2287
[  905493ms] [LOG] [Fast Refresh] rebuilding @ http://localhost:3001/_next/static/chunks/node_modules_next_dist_7a8122d0._.js:2287
[  905514ms] [LOG] [Fast Refresh] done in 138ms @ http://localhost:3001/_next/static/chunks/node_modules_next_dist_7a8122d0._.js:2287
[  923755ms] [LOG] [Fast Refresh] rebuilding @ http://localhost:3001/_next/static/chunks/node_modules_next_dist_7a8122d0._.js:2287
[  923806ms] [LOG] [Fast Refresh] done in 187ms @ http://localhost:3001/_next/static/chunks/node_modules_next_dist_7a8122d0._.js:2287
[  938323ms] [LOG] [Fast Refresh] rebuilding @ http://localhost:3001/_next/static/chunks/node_modules_next_dist_7a8122d0._.js:2287
[  938985ms] [LOG] [Fast Refresh] done in 610ms @ http://localhost:3001/_next/static/chunks/node_modules_next_dist_7a8122d0._.js:2287
[  970251ms] [LOG] [Fast Refresh] rebuilding @ http://localhost:3001/_next/static/chunks/node_modules_next_dist_7a8122d0._.js:2287
[  970962ms] [LOG] [Fast Refresh] done in 624ms @ http://localhost:3001/_next/static/chunks/node_modules_next_dist_7a8122d0._.js:2287
[ 1007395ms] [LOG] [Fast Refresh] rebuilding @ http://localhost:3001/_next/static/chunks/node_modules_next_dist_7a8122d0._.js:2287
[ 1008612ms] [LOG] [Fast Refresh] done in 1164ms @ http://localhost:3001/_next/static/chunks/node_modules_next_dist_7a8122d0._.js:2287
[ 1048463ms] [LOG] [Fast Refresh] rebuilding @ http://localhost:3001/_next/static/chunks/node_modules_next_dist_7a8122d0._.js:2287
[ 1048724ms] [LOG] [Fast Refresh] done in 96ms @ http://localhost:3001/_next/static/chunks/node_modules_next_dist_7a8122d0._.js:2287
[ 1108442ms] [LOG] [Fast Refresh] rebuilding @ http://localhost:3001/_next/static/chunks/node_modules_next_dist_7a8122d0._.js:2287
[ 1108529ms] [LOG] [Fast Refresh] done in 192ms @ http://localhost:3001/_next/static/chunks/node_modules_next_dist_7a8122d0._.js:2287
