[ 1268928ms] [ERROR] Access to fetch at 'https://fast.nexx360.io/booster' from origin 'https://op.gg' has been blocked by CORS policy: No 'Access-Control-Allow-Origin' header is present on the requested resource. @ https://op.gg/tft/summoners/sea/LayShee-playr?utm_source=opgg&utm_medium=button&utm_campaign=click_summoner_tft:0
[ 1268928ms] [ERROR] Failed to load resource: net::ERR_FAILED @ https://fast.nexx360.io/booster:0
[ 1268934ms] [ERROR] Access to fetch at 'https://prebid.smilewanted.com/' from origin 'https://op.gg' has been blocked by CORS policy: The value of the 'Access-Control-Allow-Origin' header in the response must not be the wildcard '*' when the request's credentials mode is 'include'. @ https://op.gg/tft/summoners/sea/LayShee-playr?utm_source=opgg&utm_medium=button&utm_campaign=click_summoner_tft:0
[ 1268934ms] [ERROR] Failed to load resource: net::ERR_FAILED @ https://prebid.smilewanted.com/:0
[ 1268939ms] [ERROR] Access to fetch at 'https://prebid.smilewanted.com/' from origin 'https://op.gg' has been blocked by CORS policy: The value of the 'Access-Control-Allow-Origin' header in the response must not be the wildcard '*' when the request's credentials mode is 'include'. @ https://op.gg/tft/summoners/sea/LayShee-playr?utm_source=opgg&utm_medium=button&utm_campaign=click_summoner_tft:0
[ 1268939ms] [ERROR] Failed to load resource: net::ERR_FAILED @ https://prebid.smilewanted.com/:0
[ 1268946ms] [ERROR] Failed to load resource: net::ERR_NAME_NOT_RESOLVED @ https://rt.marphezis.com/hb:0
[ 1268964ms] [ERROR] Failed to load resource: net::ERR_NAME_NOT_RESOLVED @ https://rt.marphezis.com/prebid/error:0
[ 1270718ms] [INFO] [1.38s] Completed auction ad7f11c8-1ed1-440d-bf98-39aa36801922
        - 0/16 bids on ad_right-rail-2_0
        - 0/16 bids on ad_leaderboard_0 @ https://js.rev.iq/op.gg-nocmp:31
[ 1270718ms] [INFO] [0.43s] Refreshed ad server @ https://js.rev.iq/op.gg-nocmp:31
[ 1300878ms] [ERROR] Access to fetch at 'https://fast.nexx360.io/booster' from origin 'https://op.gg' has been blocked by CORS policy: No 'Access-Control-Allow-Origin' header is present on the requested resource. @ https://op.gg/tft/summoners/sea/LayShee-playr?utm_source=opgg&utm_medium=button&utm_campaign=click_summoner_tft:0
[ 1300879ms] [ERROR] Failed to load resource: net::ERR_FAILED @ https://fast.nexx360.io/booster:0
[ 1300881ms] [ERROR] Failed to load resource: net::ERR_NAME_NOT_RESOLVED @ https://rt.marphezis.com/hb:0
[ 1300886ms] [ERROR] Access to fetch at 'https://prebid.smilewanted.com/' from origin 'https://op.gg' has been blocked by CORS policy: The value of the 'Access-Control-Allow-Origin' header in the response must not be the wildcard '*' when the request's credentials mode is 'include'. @ https://op.gg/tft/summoners/sea/LayShee-playr?utm_source=opgg&utm_medium=button&utm_campaign=click_summoner_tft:0
[ 1300886ms] [ERROR] Failed to load resource: net::ERR_FAILED @ https://prebid.smilewanted.com/:0
[ 1300889ms] [ERROR] Access to fetch at 'https://prebid.smilewanted.com/' from origin 'https://op.gg' has been blocked by CORS policy: The value of the 'Access-Control-Allow-Origin' header in the response must not be the wildcard '*' when the request's credentials mode is 'include'. @ https://op.gg/tft/summoners/sea/LayShee-playr?utm_source=opgg&utm_medium=button&utm_campaign=click_summoner_tft:0
[ 1300889ms] [ERROR] Failed to load resource: net::ERR_FAILED @ https://prebid.smilewanted.com/:0
[ 1300901ms] [ERROR] Failed to load resource: net::ERR_NAME_NOT_RESOLVED @ https://rt.marphezis.com/prebid/error:0
[ 1303843ms] [INFO] [3.01s] Completed auction e3a1a517-f25b-47af-b547-80ee2d2dbcf1
        - 0/16 bids on ad_right-rail-2_0
        - 0/16 bids on ad_leaderboard_0 @ https://js.rev.iq/op.gg-nocmp:31
[ 1303843ms] [INFO] [0.00s] Refreshed ad server @ https://js.rev.iq/op.gg-nocmp:31
[ 1333997ms] [ERROR] Access to fetch at 'https://prebid.smilewanted.com/' from origin 'https://op.gg' has been blocked by CORS policy: The value of the 'Access-Control-Allow-Origin' header in the response must not be the wildcard '*' when the request's credentials mode is 'include'. @ https://op.gg/tft/summoners/sea/LayShee-playr?utm_source=opgg&utm_medium=button&utm_campaign=click_summoner_tft:0
[ 1333997ms] [ERROR] Failed to load resource: net::ERR_FAILED @ https://prebid.smilewanted.com/:0
[ 1334001ms] [ERROR] Access to fetch at 'https://prebid.smilewanted.com/' from origin 'https://op.gg' has been blocked by CORS policy: The value of the 'Access-Control-Allow-Origin' header in the response must not be the wildcard '*' when the request's credentials mode is 'include'. @ https://op.gg/tft/summoners/sea/LayShee-playr?utm_source=opgg&utm_medium=button&utm_campaign=click_summoner_tft:0
[ 1334002ms] [ERROR] Failed to load resource: net::ERR_FAILED @ https://prebid.smilewanted.com/:0
[ 1334006ms] [ERROR] Access to fetch at 'https://fast.nexx360.io/booster' from origin 'https://op.gg' has been blocked by CORS policy: No 'Access-Control-Allow-Origin' header is present on the requested resource. @ https://op.gg/tft/summoners/sea/LayShee-playr?utm_source=opgg&utm_medium=button&utm_campaign=click_summoner_tft:0
[ 1334007ms] [ERROR] Failed to load resource: net::ERR_FAILED @ https://fast.nexx360.io/booster:0
[ 1334013ms] [ERROR] Failed to load resource: net::ERR_NAME_NOT_RESOLVED @ https://rt.marphezis.com/hb:0
[ 1334031ms] [ERROR] Failed to load resource: net::ERR_NAME_NOT_RESOLVED @ https://rt.marphezis.com/prebid/error:0
[ 1336979ms] [INFO] [3.02s] Completed auction 8ffba6bb-d356-4886-8cca-9b749b0a41e6
        - 0/16 bids on ad_right-rail-2_0
        - 0/16 bids on ad_leaderboard_0 @ https://js.rev.iq/op.gg-nocmp:31
[ 1336979ms] [INFO] [0.00s] Refreshed ad server @ https://js.rev.iq/op.gg-nocmp:31
[ 1367128ms] [ERROR] Access to fetch at 'https://fast.nexx360.io/booster' from origin 'https://op.gg' has been blocked by CORS policy: No 'Access-Control-Allow-Origin' header is present on the requested resource. @ https://op.gg/tft/summoners/sea/LayShee-playr?utm_source=opgg&utm_medium=button&utm_campaign=click_summoner_tft:0
[ 1367128ms] [ERROR] Failed to load resource: net::ERR_FAILED @ https://fast.nexx360.io/booster:0
[ 1367141ms] [ERROR] Failed to load resource: net::ERR_NAME_NOT_RESOLVED @ https://rt.marphezis.com/hb:0
[ 1367149ms] [ERROR] Access to fetch at 'https://prebid.smilewanted.com/' from origin 'https://op.gg' has been blocked by CORS policy: The value of the 'Access-Control-Allow-Origin' header in the response must not be the wildcard '*' when the request's credentials mode is 'include'. @ https://op.gg/tft/summoners/sea/LayShee-playr?utm_source=opgg&utm_medium=button&utm_campaign=click_summoner_tft:0
[ 1367149ms] [ERROR] Failed to load resource: net::ERR_FAILED @ https://prebid.smilewanted.com/:0
[ 1367153ms] [ERROR] Access to fetch at 'https://prebid.smilewanted.com/' from origin 'https://op.gg' has been blocked by CORS policy: The value of the 'Access-Control-Allow-Origin' header in the response must not be the wildcard '*' when the request's credentials mode is 'include'. @ https://op.gg/tft/summoners/sea/LayShee-playr?utm_source=opgg&utm_medium=button&utm_campaign=click_summoner_tft:0
[ 1367153ms] [ERROR] Failed to load resource: net::ERR_FAILED @ https://prebid.smilewanted.com/:0
[ 1367160ms] [ERROR] Failed to load resource: net::ERR_NAME_NOT_RESOLVED @ https://rt.marphezis.com/prebid/error:0
[ 1368791ms] [INFO] [1.69s] Completed auction 4e4729f0-7e7a-466e-bba5-a5bd07f738c8
        - 0/16 bids on ad_right-rail-2_0
        - 0/16 bids on ad_leaderboard_0 @ https://js.rev.iq/op.gg-nocmp:31
[ 1368791ms] [INFO] [0.00s] Refreshed ad server @ https://js.rev.iq/op.gg-nocmp:31
[ 1398947ms] [ERROR] Access to fetch at 'https://fast.nexx360.io/booster' from origin 'https://op.gg' has been blocked by CORS policy: No 'Access-Control-Allow-Origin' header is present on the requested resource. @ https://op.gg/tft/summoners/sea/LayShee-playr?utm_source=opgg&utm_medium=button&utm_campaign=click_summoner_tft:0
[ 1398947ms] [ERROR] Failed to load resource: net::ERR_FAILED @ https://fast.nexx360.io/booster:0
[ 1398980ms] [ERROR] Access to fetch at 'https://prebid.smilewanted.com/' from origin 'https://op.gg' has been blocked by CORS policy: The value of the 'Access-Control-Allow-Origin' header in the response must not be the wildcard '*' when the request's credentials mode is 'include'. @ https://op.gg/tft/summoners/sea/LayShee-playr?utm_source=opgg&utm_medium=button&utm_campaign=click_summoner_tft:0
[ 1398980ms] [ERROR] Failed to load resource: net::ERR_FAILED @ https://prebid.smilewanted.com/:0
[ 1398981ms] [ERROR] Access to fetch at 'https://prebid.smilewanted.com/' from origin 'https://op.gg' has been blocked by CORS policy: The value of the 'Access-Control-Allow-Origin' header in the response must not be the wildcard '*' when the request's credentials mode is 'include'. @ https://op.gg/tft/summoners/sea/LayShee-playr?utm_source=opgg&utm_medium=button&utm_campaign=click_summoner_tft:0
[ 1398981ms] [ERROR] Failed to load resource: net::ERR_FAILED @ https://prebid.smilewanted.com/:0
[ 1398988ms] [ERROR] Failed to load resource: net::ERR_NAME_NOT_RESOLVED @ https://rt.marphezis.com/hb:0
[ 1399006ms] [ERROR] Failed to load resource: net::ERR_NAME_NOT_RESOLVED @ https://rt.marphezis.com/prebid/error:0
[ 1400289ms] [INFO] [1.37s] Completed auction ee958d20-5360-4b07-a6e9-296c65dcaddf
        - 0/16 bids on ad_right-rail-2_0
        - 0/16 bids on ad_leaderboard_0 @ https://js.rev.iq/op.gg-nocmp:31
[ 1400289ms] [INFO] [0.00s] Refreshed ad server @ https://js.rev.iq/op.gg-nocmp:31
[ 1430463ms] [ERROR] Access to fetch at 'https://fast.nexx360.io/booster' from origin 'https://op.gg' has been blocked by CORS policy: No 'Access-Control-Allow-Origin' header is present on the requested resource. @ https://op.gg/tft/summoners/sea/LayShee-playr?utm_source=opgg&utm_medium=button&utm_campaign=click_summoner_tft:0
[ 1430463ms] [ERROR] Failed to load resource: net::ERR_FAILED @ https://fast.nexx360.io/booster:0
[ 1430477ms] [ERROR] Access to fetch at 'https://prebid.smilewanted.com/' from origin 'https://op.gg' has been blocked by CORS policy: The value of the 'Access-Control-Allow-Origin' header in the response must not be the wildcard '*' when the request's credentials mode is 'include'. @ https://op.gg/tft/summoners/sea/LayShee-playr?utm_source=opgg&utm_medium=button&utm_campaign=click_summoner_tft:0
[ 1430478ms] [ERROR] Failed to load resource: net::ERR_FAILED @ https://prebid.smilewanted.com/:0
[ 1430478ms] [ERROR] Access to fetch at 'https://prebid.smilewanted.com/' from origin 'https://op.gg' has been blocked by CORS policy: The value of the 'Access-Control-Allow-Origin' header in the response must not be the wildcard '*' when the request's credentials mode is 'include'. @ https://op.gg/tft/summoners/sea/LayShee-playr?utm_source=opgg&utm_medium=button&utm_campaign=click_summoner_tft:0
[ 1430478ms] [ERROR] Failed to load resource: net::ERR_FAILED @ https://prebid.smilewanted.com/:0
[ 1430489ms] [ERROR] Failed to load resource: net::ERR_NAME_NOT_RESOLVED @ https://rt.marphezis.com/hb:0
[ 1430525ms] [ERROR] Failed to load resource: net::ERR_NAME_NOT_RESOLVED @ https://rt.marphezis.com/prebid/error:0
[ 1431727ms] [INFO] [1.31s] Completed auction 82bd5334-1ece-4c56-812b-dd4e0a795421
        - 1/16 bids on ad_right-rail-2_0
        - 0/16 bids on ad_leaderboard_0 @ https://js.rev.iq/op.gg-nocmp:31
[ 1431727ms] [INFO] [0.00s] Refreshed ad server @ https://js.rev.iq/op.gg-nocmp:31
[ 1461896ms] [ERROR] Access to fetch at 'https://fast.nexx360.io/booster' from origin 'https://op.gg' has been blocked by CORS policy: No 'Access-Control-Allow-Origin' header is present on the requested resource. @ https://op.gg/tft/summoners/sea/LayShee-playr?utm_source=opgg&utm_medium=button&utm_campaign=click_summoner_tft:0
[ 1461896ms] [ERROR] Failed to load resource: net::ERR_FAILED @ https://fast.nexx360.io/booster:0
[ 1461900ms] [ERROR] Access to fetch at 'https://prebid.smilewanted.com/' from origin 'https://op.gg' has been blocked by CORS policy: The value of the 'Access-Control-Allow-Origin' header in the response must not be the wildcard '*' when the request's credentials mode is 'include'. @ https://op.gg/tft/summoners/sea/LayShee-playr?utm_source=opgg&utm_medium=button&utm_campaign=click_summoner_tft:0
[ 1461900ms] [ERROR] Failed to load resource: net::ERR_FAILED @ https://prebid.smilewanted.com/:0
[ 1461901ms] [ERROR] Access to fetch at 'https://prebid.smilewanted.com/' from origin 'https://op.gg' has been blocked by CORS policy: The value of the 'Access-Control-Allow-Origin' header in the response must not be the wildcard '*' when the request's credentials mode is 'include'. @ https://op.gg/tft/summoners/sea/LayShee-playr?utm_source=opgg&utm_medium=button&utm_campaign=click_summoner_tft:0
[ 1461901ms] [ERROR] Failed to load resource: net::ERR_FAILED @ https://prebid.smilewanted.com/:0
[ 1461937ms] [ERROR] Failed to load resource: net::ERR_NAME_NOT_RESOLVED @ https://rt.marphezis.com/hb:0
[ 1461994ms] [ERROR] Failed to load resource: net::ERR_NAME_NOT_RESOLVED @ https://rt.marphezis.com/prebid/error:0
[ 1464867ms] [INFO] [3.02s] Completed auction a8dc24ac-985d-4521-9a3e-58a6bd9e3d94
        - 0/16 bids on ad_right-rail-2_0
        - 0/16 bids on ad_leaderboard_0 @ https://js.rev.iq/op.gg-nocmp:31
[ 1464867ms] [INFO] [0.00s] Refreshed ad server @ https://js.rev.iq/op.gg-nocmp:31
[ 1495013ms] [ERROR] Access to fetch at 'https://prebid.smilewanted.com/' from origin 'https://op.gg' has been blocked by CORS policy: The value of the 'Access-Control-Allow-Origin' header in the response must not be the wildcard '*' when the request's credentials mode is 'include'. @ https://op.gg/tft/summoners/sea/LayShee-playr?utm_source=opgg&utm_medium=button&utm_campaign=click_summoner_tft:0
[ 1495014ms] [ERROR] Failed to load resource: net::ERR_FAILED @ https://prebid.smilewanted.com/:0
[ 1495019ms] [ERROR] Access to fetch at 'https://prebid.smilewanted.com/' from origin 'https://op.gg' has been blocked by CORS policy: The value of the 'Access-Control-Allow-Origin' header in the response must not be the wildcard '*' when the request's credentials mode is 'include'. @ https://op.gg/tft/summoners/sea/LayShee-playr?utm_source=opgg&utm_medium=button&utm_campaign=click_summoner_tft:0
[ 1495019ms] [ERROR] Failed to load resource: net::ERR_FAILED @ https://prebid.smilewanted.com/:0
[ 1495026ms] [ERROR] Access to fetch at 'https://fast.nexx360.io/booster' from origin 'https://op.gg' has been blocked by CORS policy: No 'Access-Control-Allow-Origin' header is present on the requested resource. @ https://op.gg/tft/summoners/sea/LayShee-playr?utm_source=opgg&utm_medium=button&utm_campaign=click_summoner_tft:0
[ 1495026ms] [ERROR] Failed to load resource: net::ERR_FAILED @ https://fast.nexx360.io/booster:0
[ 1495066ms] [ERROR] Failed to load resource: net::ERR_NAME_NOT_RESOLVED @ https://rt.marphezis.com/hb:0
[ 1495098ms] [ERROR] Failed to load resource: net::ERR_NAME_NOT_RESOLVED @ https://rt.marphezis.com/prebid/error:0
[ 1497994ms] [INFO] [3.01s] Completed auction f9cb099b-610d-41a8-a0b0-864b37229ba1
        - 0/16 bids on ad_right-rail-2_0
        - 0/16 bids on ad_leaderboard_0 @ https://js.rev.iq/op.gg-nocmp:31
[ 1497994ms] [INFO] [0.00s] Refreshed ad server @ https://js.rev.iq/op.gg-nocmp:31
[ 1528152ms] [ERROR] Access to fetch at 'https://prebid.smilewanted.com/' from origin 'https://op.gg' has been blocked by CORS policy: The value of the 'Access-Control-Allow-Origin' header in the response must not be the wildcard '*' when the request's credentials mode is 'include'. @ https://op.gg/tft/summoners/sea/LayShee-playr?utm_source=opgg&utm_medium=button&utm_campaign=click_summoner_tft:0
[ 1528152ms] [ERROR] Failed to load resource: net::ERR_FAILED @ https://prebid.smilewanted.com/:0
[ 1528153ms] [ERROR] Access to fetch at 'https://prebid.smilewanted.com/' from origin 'https://op.gg' has been blocked by CORS policy: The value of the 'Access-Control-Allow-Origin' header in the response must not be the wildcard '*' when the request's credentials mode is 'include'. @ https://op.gg/tft/summoners/sea/LayShee-playr?utm_source=opgg&utm_medium=button&utm_campaign=click_summoner_tft:0
[ 1528153ms] [ERROR] Failed to load resource: net::ERR_FAILED @ https://prebid.smilewanted.com/:0
[ 1528153ms] [ERROR] Access to fetch at 'https://fast.nexx360.io/booster' from origin 'https://op.gg' has been blocked by CORS policy: No 'Access-Control-Allow-Origin' header is present on the requested resource. @ https://op.gg/tft/summoners/sea/LayShee-playr?utm_source=opgg&utm_medium=button&utm_campaign=click_summoner_tft:0
[ 1528154ms] [ERROR] Failed to load resource: net::ERR_FAILED @ https://fast.nexx360.io/booster:0
[ 1528229ms] [ERROR] Failed to load resource: net::ERR_NAME_NOT_RESOLVED @ https://rt.marphezis.com/hb:0
[ 1528255ms] [ERROR] Failed to load resource: net::ERR_NAME_NOT_RESOLVED @ https://rt.marphezis.com/prebid/error:0
[ 1531131ms] [INFO] [3.01s] Completed auction 2eb13c81-8bd4-4d49-9a17-a2d0c6d0b112
        - 0/16 bids on ad_right-rail-2_0
        - 0/16 bids on ad_leaderboard_0 @ https://js.rev.iq/op.gg-nocmp:31
[ 1531131ms] [INFO] [0.00s] Refreshed ad server @ https://js.rev.iq/op.gg-nocmp:31
[ 1561284ms] [ERROR] Access to fetch at 'https://fast.nexx360.io/booster' from origin 'https://op.gg' has been blocked by CORS policy: No 'Access-Control-Allow-Origin' header is present on the requested resource. @ https://op.gg/tft/summoners/sea/LayShee-playr?utm_source=opgg&utm_medium=button&utm_campaign=click_summoner_tft:0
[ 1561284ms] [ERROR] Failed to load resource: net::ERR_FAILED @ https://fast.nexx360.io/booster:0
[ 1561292ms] [ERROR] Access to fetch at 'https://prebid.smilewanted.com/' from origin 'https://op.gg' has been blocked by CORS policy: The value of the 'Access-Control-Allow-Origin' header in the response must not be the wildcard '*' when the request's credentials mode is 'include'. @ https://op.gg/tft/summoners/sea/LayShee-playr?utm_source=opgg&utm_medium=button&utm_campaign=click_summoner_tft:0
[ 1561292ms] [ERROR] Failed to load resource: net::ERR_FAILED @ https://prebid.smilewanted.com/:0
[ 1561294ms] [ERROR] Access to fetch at 'https://prebid.smilewanted.com/' from origin 'https://op.gg' has been blocked by CORS policy: The value of the 'Access-Control-Allow-Origin' header in the response must not be the wildcard '*' when the request's credentials mode is 'include'. @ https://op.gg/tft/summoners/sea/LayShee-playr?utm_source=opgg&utm_medium=button&utm_campaign=click_summoner_tft:0
[ 1561295ms] [ERROR] Failed to load resource: net::ERR_FAILED @ https://prebid.smilewanted.com/:0
[ 1561334ms] [ERROR] Failed to load resource: net::ERR_NAME_NOT_RESOLVED @ https://rt.marphezis.com/hb:0
[ 1561364ms] [ERROR] Failed to load resource: net::ERR_NAME_NOT_RESOLVED @ https://rt.marphezis.com/prebid/error:0
[ 1564262ms] [INFO] [3.01s] Completed auction 2d2dc212-11b9-41b5-b8e1-2d9a8d071cee
        - 0/16 bids on ad_right-rail-2_0
        - 0/16 bids on ad_leaderboard_0 @ https://js.rev.iq/op.gg-nocmp:31
[ 1564262ms] [INFO] [0.00s] Refreshed ad server @ https://js.rev.iq/op.gg-nocmp:31
[ 1594430ms] [ERROR] Access to fetch at 'https://prebid.smilewanted.com/' from origin 'https://op.gg' has been blocked by CORS policy: The value of the 'Access-Control-Allow-Origin' header in the response must not be the wildcard '*' when the request's credentials mode is 'include'. @ https://op.gg/tft/summoners/sea/LayShee-playr?utm_source=opgg&utm_medium=button&utm_campaign=click_summoner_tft:0
[ 1594430ms] [ERROR] Failed to load resource: net::ERR_FAILED @ https://prebid.smilewanted.com/:0
[ 1594431ms] [ERROR] Access to fetch at 'https://prebid.smilewanted.com/' from origin 'https://op.gg' has been blocked by CORS policy: The value of the 'Access-Control-Allow-Origin' header in the response must not be the wildcard '*' when the request's credentials mode is 'include'. @ https://op.gg/tft/summoners/sea/LayShee-playr?utm_source=opgg&utm_medium=button&utm_campaign=click_summoner_tft:0
[ 1594431ms] [ERROR] Failed to load resource: net::ERR_FAILED @ https://prebid.smilewanted.com/:0
[ 1594455ms] [ERROR] Failed to load resource: net::ERR_NAME_NOT_RESOLVED @ https://rt.marphezis.com/hb:0
[ 1594482ms] [ERROR] Access to fetch at 'https://fast.nexx360.io/booster' from origin 'https://op.gg' has been blocked by CORS policy: No 'Access-Control-Allow-Origin' header is present on the requested resource. @ https://op.gg/tft/summoners/sea/LayShee-playr?utm_source=opgg&utm_medium=button&utm_campaign=click_summoner_tft:0
[ 1594483ms] [ERROR] Failed to load resource: net::ERR_FAILED @ https://fast.nexx360.io/booster:0
[ 1594483ms] [ERROR] Failed to load resource: net::ERR_NAME_NOT_RESOLVED @ https://rt.marphezis.com/prebid/error:0
[ 1597407ms] [INFO] [3.03s] Completed auction ac7cc607-1f91-4814-8111-483b4c916f1a
        - 1/16 bids on ad_right-rail-2_0
        - 0/16 bids on ad_leaderboard_0 @ https://js.rev.iq/op.gg-nocmp:31
[ 1597407ms] [INFO] [0.00s] Refreshed ad server @ https://js.rev.iq/op.gg-nocmp:31
[ 1627551ms] [ERROR] Access to fetch at 'https://fast.nexx360.io/booster' from origin 'https://op.gg' has been blocked by CORS policy: No 'Access-Control-Allow-Origin' header is present on the requested resource. @ https://op.gg/tft/summoners/sea/LayShee-playr?utm_source=opgg&utm_medium=button&utm_campaign=click_summoner_tft:0
[ 1627551ms] [ERROR] Failed to load resource: net::ERR_FAILED @ https://fast.nexx360.io/booster:0
[ 1627561ms] [ERROR] Access to fetch at 'https://prebid.smilewanted.com/' from origin 'https://op.gg' has been blocked by CORS policy: The value of the 'Access-Control-Allow-Origin' header in the response must not be the wildcard '*' when the request's credentials mode is 'include'. @ https://op.gg/tft/summoners/sea/LayShee-playr?utm_source=opgg&utm_medium=button&utm_campaign=click_summoner_tft:0
[ 1627561ms] [ERROR] Failed to load resource: net::ERR_FAILED @ https://prebid.smilewanted.com/:0
[ 1627563ms] [ERROR] Access to fetch at 'https://prebid.smilewanted.com/' from origin 'https://op.gg' has been blocked by CORS policy: The value of the 'Access-Control-Allow-Origin' header in the response must not be the wildcard '*' when the request's credentials mode is 'include'. @ https://op.gg/tft/summoners/sea/LayShee-playr?utm_source=opgg&utm_medium=button&utm_campaign=click_summoner_tft:0
[ 1627563ms] [ERROR] Failed to load resource: net::ERR_FAILED @ https://prebid.smilewanted.com/:0
[ 1627610ms] [ERROR] Failed to load resource: net::ERR_NAME_NOT_RESOLVED @ https://rt.marphezis.com/hb:0
[ 1627639ms] [ERROR] Failed to load resource: net::ERR_NAME_NOT_RESOLVED @ https://rt.marphezis.com/prebid/error:0
[ 1630543ms] [INFO] [3.02s] Completed auction 37d3a53e-81cc-433f-90d9-f10c0741ff2e
        - 0/16 bids on ad_right-rail-2_0
        - 1/16 bids on ad_leaderboard_0 @ https://js.rev.iq/op.gg-nocmp:31
[ 1630543ms] [INFO] [0.00s] Refreshed ad server @ https://js.rev.iq/op.gg-nocmp:31
[ 1660766ms] [ERROR] Access to fetch at 'https://prebid.smilewanted.com/' from origin 'https://op.gg' has been blocked by CORS policy: The value of the 'Access-Control-Allow-Origin' header in the response must not be the wildcard '*' when the request's credentials mode is 'include'. @ https://op.gg/tft/summoners/sea/LayShee-playr?utm_source=opgg&utm_medium=button&utm_campaign=click_summoner_tft:0
[ 1660767ms] [ERROR] Failed to load resource: net::ERR_FAILED @ https://prebid.smilewanted.com/:0
[ 1660767ms] [ERROR] Access to fetch at 'https://prebid.smilewanted.com/' from origin 'https://op.gg' has been blocked by CORS policy: The value of the 'Access-Control-Allow-Origin' header in the response must not be the wildcard '*' when the request's credentials mode is 'include'. @ https://op.gg/tft/summoners/sea/LayShee-playr?utm_source=opgg&utm_medium=button&utm_campaign=click_summoner_tft:0
[ 1660768ms] [ERROR] Failed to load resource: net::ERR_FAILED @ https://prebid.smilewanted.com/:0
[ 1660838ms] [ERROR] Failed to load resource: net::ERR_NAME_NOT_RESOLVED @ https://rt.marphezis.com/hb:0
[ 1660856ms] [ERROR] Access to fetch at 'https://fast.nexx360.io/booster' from origin 'https://op.gg' has been blocked by CORS policy: No 'Access-Control-Allow-Origin' header is present on the requested resource. @ https://op.gg/tft/summoners/sea/LayShee-playr?utm_source=opgg&utm_medium=button&utm_campaign=click_summoner_tft:0
[ 1660856ms] [ERROR] Failed to load resource: net::ERR_FAILED @ https://fast.nexx360.io/booster:0
[ 1660868ms] [ERROR] Failed to load resource: net::ERR_NAME_NOT_RESOLVED @ https://rt.marphezis.com/prebid/error:0
[ 1663755ms] [INFO] [3.09s] Completed auction b97397f8-097a-4365-82c1-ec75190418c7
        - 0/16 bids on ad_right-rail-2_0
        - 0/16 bids on ad_leaderboard_0 @ https://js.rev.iq/op.gg-nocmp:31
[ 1663755ms] [INFO] [0.01s] Refreshed ad server @ https://js.rev.iq/op.gg-nocmp:31
[ 1693912ms] [ERROR] Access to fetch at 'https://prebid.smilewanted.com/' from origin 'https://op.gg' has been blocked by CORS policy: The value of the 'Access-Control-Allow-Origin' header in the response must not be the wildcard '*' when the request's credentials mode is 'include'. @ https://op.gg/tft/summoners/sea/LayShee-playr?utm_source=opgg&utm_medium=button&utm_campaign=click_summoner_tft:0
[ 1693912ms] [ERROR] Failed to load resource: net::ERR_FAILED @ https://prebid.smilewanted.com/:0
[ 1693913ms] [ERROR] Access to fetch at 'https://prebid.smilewanted.com/' from origin 'https://op.gg' has been blocked by CORS policy: The value of the 'Access-Control-Allow-Origin' header in the response must not be the wildcard '*' when the request's credentials mode is 'include'. @ https://op.gg/tft/summoners/sea/LayShee-playr?utm_source=opgg&utm_medium=button&utm_campaign=click_summoner_tft:0
[ 1693913ms] [ERROR] Failed to load resource: net::ERR_FAILED @ https://prebid.smilewanted.com/:0
[ 1693915ms] [ERROR] Access to fetch at 'https://fast.nexx360.io/booster' from origin 'https://op.gg' has been blocked by CORS policy: No 'Access-Control-Allow-Origin' header is present on the requested resource. @ https://op.gg/tft/summoners/sea/LayShee-playr?utm_source=opgg&utm_medium=button&utm_campaign=click_summoner_tft:0
[ 1693915ms] [ERROR] Failed to load resource: net::ERR_FAILED @ https://fast.nexx360.io/booster:0
[ 1693960ms] [ERROR] Failed to load resource: net::ERR_NAME_NOT_RESOLVED @ https://rt.marphezis.com/hb:0
[ 1693988ms] [ERROR] Failed to load resource: net::ERR_NAME_NOT_RESOLVED @ https://rt.marphezis.com/prebid/error:0
[ 1697319ms] [INFO] [3.01s] Completed auction 9d80f22b-889f-4ec7-8891-e799108fd434
        - 0/16 bids on ad_right-rail-2_0
        - 0/16 bids on ad_leaderboard_0 @ https://js.rev.iq/op.gg-nocmp:31
[ 1697319ms] [INFO] [0.43s] Refreshed ad server @ https://js.rev.iq/op.gg-nocmp:31
[ 1727472ms] [ERROR] Access to fetch at 'https://fast.nexx360.io/booster' from origin 'https://op.gg' has been blocked by CORS policy: No 'Access-Control-Allow-Origin' header is present on the requested resource. @ https://op.gg/tft/summoners/sea/LayShee-playr?utm_source=opgg&utm_medium=button&utm_campaign=click_summoner_tft:0
[ 1727472ms] [ERROR] Failed to load resource: net::ERR_FAILED @ https://fast.nexx360.io/booster:0
[ 1727485ms] [ERROR] Access to fetch at 'https://prebid.smilewanted.com/' from origin 'https://op.gg' has been blocked by CORS policy: The value of the 'Access-Control-Allow-Origin' header in the response must not be the wildcard '*' when the request's credentials mode is 'include'. @ https://op.gg/tft/summoners/sea/LayShee-playr?utm_source=opgg&utm_medium=button&utm_campaign=click_summoner_tft:0
[ 1727485ms] [ERROR] Failed to load resource: net::ERR_FAILED @ https://prebid.smilewanted.com/:0
[ 1727486ms] [ERROR] Access to fetch at 'https://prebid.smilewanted.com/' from origin 'https://op.gg' has been blocked by CORS policy: The value of the 'Access-Control-Allow-Origin' header in the response must not be the wildcard '*' when the request's credentials mode is 'include'. @ https://op.gg/tft/summoners/sea/LayShee-playr?utm_source=opgg&utm_medium=button&utm_campaign=click_summoner_tft:0
[ 1727486ms] [ERROR] Failed to load resource: net::ERR_FAILED @ https://prebid.smilewanted.com/:0
[ 1727536ms] [ERROR] Failed to load resource: net::ERR_NAME_NOT_RESOLVED @ https://rt.marphezis.com/hb:0
[ 1727565ms] [ERROR] Failed to load resource: net::ERR_NAME_NOT_RESOLVED @ https://rt.marphezis.com/prebid/error:0
[ 1728573ms] [INFO] [1.14s] Completed auction ee15ce72-72f0-4eb4-96a9-b6b0b9714cdd
        - 1/16 bids on ad_right-rail-2_0
        - 0/16 bids on ad_leaderboard_0 @ https://js.rev.iq/op.gg-nocmp:31
[ 1728573ms] [INFO] [0.00s] Refreshed ad server @ https://js.rev.iq/op.gg-nocmp:31
[ 1758877ms] [ERROR] Access to fetch at 'https://fast.nexx360.io/booster' from origin 'https://op.gg' has been blocked by CORS policy: No 'Access-Control-Allow-Origin' header is present on the requested resource. @ https://op.gg/tft/summoners/sea/LayShee-playr?utm_source=opgg&utm_medium=button&utm_campaign=click_summoner_tft:0
[ 1758877ms] [ERROR] Failed to load resource: net::ERR_FAILED @ https://fast.nexx360.io/booster:0
[ 1758885ms] [ERROR] Access to fetch at 'https://prebid.smilewanted.com/' from origin 'https://op.gg' has been blocked by CORS policy: The value of the 'Access-Control-Allow-Origin' header in the response must not be the wildcard '*' when the request's credentials mode is 'include'. @ https://op.gg/tft/summoners/sea/LayShee-playr?utm_source=opgg&utm_medium=button&utm_campaign=click_summoner_tft:0
[ 1758885ms] [ERROR] Failed to load resource: net::ERR_FAILED @ https://prebid.smilewanted.com/:0
[ 1758886ms] [ERROR] Access to fetch at 'https://prebid.smilewanted.com/' from origin 'https://op.gg' has been blocked by CORS policy: The value of the 'Access-Control-Allow-Origin' header in the response must not be the wildcard '*' when the request's credentials mode is 'include'. @ https://op.gg/tft/summoners/sea/LayShee-playr?utm_source=opgg&utm_medium=button&utm_campaign=click_summoner_tft:0
[ 1758886ms] [ERROR] Failed to load resource: net::ERR_FAILED @ https://prebid.smilewanted.com/:0
[ 1758888ms] [ERROR] Failed to load resource: net::ERR_NAME_NOT_RESOLVED @ https://rt.marphezis.com/hb:0
[ 1759018ms] [ERROR] Failed to load resource: net::ERR_NAME_NOT_RESOLVED @ https://rt.marphezis.com/prebid/error:0
[ 1760029ms] [INFO] [1.33s] Completed auction 789022fc-286c-484e-bf90-494dfacc81c0
        - 0/16 bids on ad_right-rail-2_0
        - 0/16 bids on ad_leaderboard_0 @ https://js.rev.iq/op.gg-nocmp:31
[ 1760029ms] [INFO] [0.00s] Refreshed ad server @ https://js.rev.iq/op.gg-nocmp:31
